<?xml version="1.0" encoding="UTF-8"?>
<!-- Generated by org.testng.reporters.JUnitXMLReporter -->
<testsuite ignored="0" hostname="CLVITN-61L1FX3" failures="1" tests="1" name="Test Chrome" time="16.347" errors="0" timestamp="2025-03-27T15:04:05 IST">
  <testcase classname="com.domBlaze.TestCases.validateSignUp" name="signUP" time="5.631">
    <failure type="java.lang.AssertionError" message="expected [STORE] but found [DEMOQA]">
      <![CDATA[java.lang.AssertionError: expected [STORE] but found [DEMOQA]
at com.domBlaze.TestCases.validateSignUp.signUP(validateSignUp.java:32)
at java.base/java.util.ArrayList.forEach(ArrayList.java:1511)
at java.base/java.util.concurrent.FutureTask.run(FutureTask.java:264)
at java.base/java.util.concurrent.ThreadPoolExecutor.runWorker(ThreadPoolExecutor.java:1136)
at java.base/java.util.concurrent.ThreadPoolExecutor$Worker.run(ThreadPoolExecutor.java:635)
at java.base/java.lang.Thread.run(Thread.java:833)
... Removed 23 stack frames]]>
    </failure>
  </testcase> <!-- signUP -->
</testsuite> <!-- Test Chrome -->
